This is pdfTeX, Version 3.1415926-2.5-1.40.14 (MiKTeX 2.9) (preloaded format=pdflatex 2014.3.13)  4 MAY 2014 23:06
entering extended mode
**DelayedDiffWriteUp.tex
("C:\Users\doolansr\Documents\MATLAB\Delayed diff\DelayedDiffWriteUp.tex"
LaTeX2e <2011/06/27>
Babel <v3.8m> and hyphenation patterns for english, afrikaans, ancientgreek, ar
abic, armenian, assamese, basque, bengali, bokmal, bulgarian, catalan, coptic, 
croatian, czech, danish, dutch, esperanto, estonian, farsi, finnish, french, ga
lician, german, german-x-2013-05-26, greek, gujarati, hindi, hungarian, iceland
ic, indonesian, interlingua, irish, italian, kannada, kurmanji, latin, latvian,
 lithuanian, malayalam, marathi, mongolian, mongolianlmc, monogreek, ngerman, n
german-x-2013-05-26, nynorsk, oriya, panjabi, pinyin, polish, portuguese, roman
ian, russian, sanskrit, serbian, slovak, slovenian, spanish, swedish, swissgerm
an, tamil, telugu, turkish, turkmen, ukenglish, ukrainian, uppersorbian, usengl
ishmax, welsh, loaded.
("C:\Program Files (x86)\MiKTeX 2.9\tex\latex\base\article.cls"
Document Class: article 2007/10/19 v1.4h Standard LaTeX document class
("C:\Program Files (x86)\MiKTeX 2.9\tex\latex\base\size10.clo"
File: size10.clo 2007/10/19 v1.4h Standard LaTeX file (size option)
)
\c@part=\count79
\c@section=\count80
\c@subsection=\count81
\c@subsubsection=\count82
\c@paragraph=\count83
\c@subparagraph=\count84
\c@figure=\count85
\c@table=\count86
\abovecaptionskip=\skip41
\belowcaptionskip=\skip42
\bibindent=\dimen102
)
(C:\Users\doolansr\AppData\Roaming\MiKTeX\2.9\tex\latex\enumitem\enumitem.sty
Package: enumitem 2011/09/28 v3.5.2 Customized lists
\enitkv@toks@=\toks14
\labelindent=\skip43
\enit@outerparindent=\dimen103
\enit@toks=\toks15
\enit@inbox=\box26
\enitdp@description=\count87
)
(C:\Users\doolansr\AppData\Roaming\MiKTeX\2.9\tex\latex\algorithms\algorithmic.
sty
Package: algorithmic 2009/08/24 v0.1 Document Style `algorithmic'
 ("C:\Program Files (x86)\MiKTeX 2.9\tex\latex\base\ifthen.sty"
Package: ifthen 2001/05/26 v1.1c Standard LaTeX ifthen package (DPC)
)
("C:\Program Files (x86)\MiKTeX 2.9\tex\latex\graphics\keyval.sty"
Package: keyval 1999/03/16 v1.13 key=value parser (DPC)
\KV@toks@=\toks16
)
\c@ALC@unique=\count88
\c@ALC@line=\count89
\c@ALC@rem=\count90
\c@ALC@depth=\count91
\ALC@tlm=\skip44
\algorithmicindent=\skip45
)
("C:\Program Files (x86)\MiKTeX 2.9\tex\latex\graphics\graphicx.sty"
Package: graphicx 1999/02/16 v1.0f Enhanced LaTeX Graphics (DPC,SPQR)

("C:\Program Files (x86)\MiKTeX 2.9\tex\latex\graphics\graphics.sty"
Package: graphics 2009/02/05 v1.0o Standard LaTeX Graphics (DPC,SPQR)

("C:\Program Files (x86)\MiKTeX 2.9\tex\latex\graphics\trig.sty"
Package: trig 1999/03/16 v1.09 sin cos tan (DPC)
)
("C:\Program Files (x86)\MiKTeX 2.9\tex\latex\00miktex\graphics.cfg"
File: graphics.cfg 2007/01/18 v1.5 graphics configuration of teTeX/TeXLive
)
Package graphics Info: Driver file: pdftex.def on input line 91.

("C:\Program Files (x86)\MiKTeX 2.9\tex\latex\pdftex-def\pdftex.def"
File: pdftex.def 2011/05/27 v0.06d Graphics/color for pdfTeX

("C:\Program Files (x86)\MiKTeX 2.9\tex\generic\oberdiek\infwarerr.sty"
Package: infwarerr 2010/04/08 v1.3 Providing info/warning/error messages (HO)
)
("C:\Program Files (x86)\MiKTeX 2.9\tex\generic\oberdiek\ltxcmds.sty"
Package: ltxcmds 2011/11/09 v1.22 LaTeX kernel commands for general use (HO)
)
\Gread@gobject=\count92
))
\Gin@req@height=\dimen104
\Gin@req@width=\dimen105
)
(C:\Users\doolansr\AppData\Roaming\MiKTeX\2.9\tex\latex\caption\caption.sty
Package: caption 2013/05/02 v3.3-89 Customizing captions (AR)

(C:\Users\doolansr\AppData\Roaming\MiKTeX\2.9\tex\latex\caption\caption3.sty
Package: caption3 2013/05/02 v1.6-88 caption3 kernel (AR)
Package caption3 Info: TeX engine: e-TeX on input line 57.
\captionmargin=\dimen106
\captionmargin@=\dimen107
\captionwidth=\dimen108
\caption@tempdima=\dimen109
\caption@indent=\dimen110
\caption@parindent=\dimen111
\caption@hangindent=\dimen112
)
\c@ContinuedFloat=\count93
)
(C:\Users\doolansr\AppData\Roaming\MiKTeX\2.9\tex\latex\caption\subcaption.sty
Package: subcaption 2013/02/03 v1.1-62 Sub-captions (AR)
\c@subfigure=\count94
\c@subtable=\count95
) ("C:\Program Files (x86)\MiKTeX 2.9\tex\latex\amsmath\amsmath.sty"
Package: amsmath 2013/01/14 v2.14 AMS math features
\@mathmargin=\skip46

For additional information on amsmath, use the `?' option.
("C:\Program Files (x86)\MiKTeX 2.9\tex\latex\amsmath\amstext.sty"
Package: amstext 2000/06/29 v2.01

("C:\Program Files (x86)\MiKTeX 2.9\tex\latex\amsmath\amsgen.sty"
File: amsgen.sty 1999/11/30 v2.0
\@emptytoks=\toks17
\ex@=\dimen113
))
("C:\Program Files (x86)\MiKTeX 2.9\tex\latex\amsmath\amsbsy.sty"
Package: amsbsy 1999/11/29 v1.2d
\pmbraise@=\dimen114
)
("C:\Program Files (x86)\MiKTeX 2.9\tex\latex\amsmath\amsopn.sty"
Package: amsopn 1999/12/14 v2.01 operator names
)
\inf@bad=\count96
LaTeX Info: Redefining \frac on input line 210.
\uproot@=\count97
\leftroot@=\count98
LaTeX Info: Redefining \overline on input line 306.
\classnum@=\count99
\DOTSCASE@=\count100
LaTeX Info: Redefining \ldots on input line 378.
LaTeX Info: Redefining \dots on input line 381.
LaTeX Info: Redefining \cdots on input line 466.
\Mathstrutbox@=\box27
\strutbox@=\box28
\big@size=\dimen115
LaTeX Font Info:    Redeclaring font encoding OML on input line 566.
LaTeX Font Info:    Redeclaring font encoding OMS on input line 567.
\macc@depth=\count101
\c@MaxMatrixCols=\count102
\dotsspace@=\muskip10
\c@parentequation=\count103
\dspbrk@lvl=\count104
\tag@help=\toks18
\row@=\count105
\column@=\count106
\maxfields@=\count107
\andhelp@=\toks19
\eqnshift@=\dimen116
\alignsep@=\dimen117
\tagshift@=\dimen118
\tagwidth@=\dimen119
\totwidth@=\dimen120
\lineht@=\dimen121
\@envbody=\toks20
\multlinegap=\skip47
\multlinetaggap=\skip48
\mathdisplay@stack=\toks21
LaTeX Info: Redefining \[ on input line 2665.
LaTeX Info: Redefining \] on input line 2666.
)
("C:\Program Files (x86)\MiKTeX 2.9\tex\latex\tools\enumerate.sty"
Package: enumerate 1999/03/05 v3.00 enumerate extensions (DPC)
\@enLab=\toks22
)
("C:\Program Files (x86)\MiKTeX 2.9\tex\latex\float\float.sty"
Package: float 2001/11/08 v1.3d Float enhancements (AL)
\c@float@type=\count108
\float@exts=\toks23
\float@box=\box29
\@float@everytoks=\toks24
\@floatcapt=\box30
)
("C:\Users\doolansr\Documents\MATLAB\Delayed diff\DelayedDiffWriteUp.aux")
LaTeX Font Info:    Checking defaults for OML/cmm/m/it on input line 13.
LaTeX Font Info:    ... okay on input line 13.
LaTeX Font Info:    Checking defaults for T1/cmr/m/n on input line 13.
LaTeX Font Info:    ... okay on input line 13.
LaTeX Font Info:    Checking defaults for OT1/cmr/m/n on input line 13.
LaTeX Font Info:    ... okay on input line 13.
LaTeX Font Info:    Checking defaults for OMS/cmsy/m/n on input line 13.
LaTeX Font Info:    ... okay on input line 13.
LaTeX Font Info:    Checking defaults for OMX/cmex/m/n on input line 13.
LaTeX Font Info:    ... okay on input line 13.
LaTeX Font Info:    Checking defaults for U/cmr/m/n on input line 13.
LaTeX Font Info:    ... okay on input line 13.

(C:\Users\doolansr\AppData\Roaming\MiKTeX\2.9\tex\context\base\supp-pdf.mkii
[Loading MPS to PDF converter (version 2006.09.02).]
\scratchcounter=\count109
\scratchdimen=\dimen122
\scratchbox=\box31
\nofMPsegments=\count110
\nofMParguments=\count111
\everyMPshowfont=\toks25
\MPscratchCnt=\count112
\MPscratchDim=\dimen123
\MPnumerator=\count113
\makeMPintoPDFobject=\count114
\everyMPtoPDFconversion=\toks26
)
Package caption Info: Begin \AtBeginDocument code.
Package caption Info: float package is loaded.
Package caption Info: End \AtBeginDocument code.
 <model.jpg, id=1, 299.6796pt x 215.8464pt>
File: model.jpg Graphic file (type jpg)
 <use model.jpg>
Package pdftex.def Info: model.jpg used on input line 21.
(pdftex.def)             Requested size: 137.9979pt x 99.39594pt.
 [1

{C:/Users/doolansr/AppData/Local/MiKTeX/2.9/pdftex/config/pdftex.map} <C:/Users
/doolansr/Documents/MATLAB/Delayed diff/model.jpg>]
LaTeX Font Info:    Try loading font information for OMS+cmr on input line 36.

("C:\Program Files (x86)\MiKTeX 2.9\tex\latex\base\omscmr.fd"
File: omscmr.fd 1999/05/25 v2.5h Standard LaTeX font definitions
)
LaTeX Font Info:    Font shape `OMS/cmr/m/n' in size <10> not available
(Font)              Font shape `OMS/cmsy/m/n' tried instead on input line 36.
 [2] [3]
<Normal.jpg, id=22, 823.075pt x 514.92375pt>
File: Normal.jpg Graphic file (type jpg)
 <use Normal.jpg>
Package pdftex.def Info: Normal.jpg used on input line 111.
(pdftex.def)             Requested size: 310.4979pt x 194.25092pt.
 [4]
<Decision_making_delay.png, id=26, 421.575pt x 316.18124pt>
File: Decision_making_delay.png Graphic file (type png)

<use Decision_making_delay.png>
Package pdftex.def Info: Decision_making_delay.png used on input line 151.
(pdftex.def)             Requested size: 276.00105pt x 207.00615pt.
 [5 <C:/Users/doolansr/Documents/MATLAB/Delayed diff/Normal.jpg>] [6 <C:/Users/
doolansr/Documents/MATLAB/Delayed diff/Decision_making_delay.png (PNG copy)>]
<Send_Receive_Delay.png, id=33, 421.575pt x 316.18124pt>
File: Send_Receive_Delay.png Graphic file (type png)

<use Send_Receive_Delay.png>
Package pdftex.def Info: Send_Receive_Delay.png used on input line 178.
(pdftex.def)             Requested size: 276.00105pt x 207.00615pt.


LaTeX Warning: Reference `default' on page 7 undefined on input line 191.

[7 <C:/Users/doolansr/Documents/MATLAB/Delayed diff/Send_Receive_Delay.png (PNG
 copy)>] <sinusodial_input.jpg, id=38, 771.88374pt x 583.17876pt>
File: sinusodial_input.jpg Graphic file (type jpg)

<use sinusodial_input.jpg>
Package pdftex.def Info: sinusodial_input.jpg used on input line 202.
(pdftex.def)             Requested size: 137.9979pt x 104.25575pt.

<sinusoidal_history.jpg, id=39, 779.91376pt x 569.12625pt>
File: sinusoidal_history.jpg Graphic file (type jpg)

<use sinusoidal_history.jpg>
Package pdftex.def Info: sinusoidal_history.jpg used on input line 219.
(pdftex.def)             Requested size: 137.9979pt x 100.70146pt.


LaTeX Warning: `h' float specifier changed to `ht'.

[8 <C:/Users/doolansr/Documents/MATLAB/Delayed diff/sinusodial_input.jpg>]
<floor_increased.jpg, id=44, 562.1pt x 421.575pt>
File: floor_increased.jpg Graphic file (type jpg)
 <use floor_increased.jpg>
Package pdftex.def Info: floor_increased.jpg used on input line 231.
(pdftex.def)             Requested size: 137.9979pt x 103.49583pt.

<Queue_size_change.jpg, id=45, 562.1pt x 421.575pt>
File: Queue_size_change.jpg Graphic file (type jpg)

<use Queue_size_change.jpg>
Package pdftex.def Info: Queue_size_change.jpg used on input line 242.
(pdftex.def)             Requested size: 147.48602pt x 110.61041pt.

<Queue_size_very_changed.jpg, id=46, 723.70375pt x 539.01375pt>
File: Queue_size_very_changed.jpg Graphic file (type jpg)

<use Queue_size_very_changed.jpg>
Package pdftex.def Info: Queue_size_very_changed.jpg used on input line 246.
(pdftex.def)             Requested size: 147.48602pt x 109.84877pt.
 [9 <C:/Users/doolansr/Documents/MATLAB/Delayed diff/sinusoidal_history.jpg> <C
:/Users/doolansr/Documents/MATLAB/Delayed diff/floor_increased.jpg>]
<./PP_less_varied.jpg, id=50, 470.50781pt x 348.55219pt>
File: ./PP_less_varied.jpg Graphic file (type jpg)

<use ./PP_less_varied.jpg>
Package pdftex.def Info: ./PP_less_varied.jpg used on input line 260.
(pdftex.def)             Requested size: 147.48602pt x 109.25734pt.

<./PP_more_varied.jpg, id=51, 470.50781pt x 348.55219pt>
File: ./PP_more_varied.jpg Graphic file (type jpg)

<use ./PP_more_varied.jpg>
Package pdftex.def Info: ./PP_more_varied.jpg used on input line 264.
(pdftex.def)             Requested size: 147.48602pt x 109.25734pt.
 [10 <C:/Users/doolansr/Documents/MATLAB/Delayed diff/Queue_size_change.jpg> <C
:/Users/doolansr/Documents/MATLAB/Delayed diff/Queue_size_very_changed.jpg> <C:
/Users/doolansr/Documents/MATLAB/Delayed diff/PP_less_varied.jpg> <C:/Users/doo
lansr/Documents/MATLAB/Delayed diff/PP_more_varied.jpg>] [11]
("C:\Users\doolansr\Documents\MATLAB\Delayed diff\DelayedDiffWriteUp.aux")

LaTeX Warning: There were undefined references.

 ) 
Here is how much of TeX's memory you used:
 3406 strings out of 493921
 51094 string characters out of 3144867
 110780 words of memory out of 3000000
 6682 multiletter control sequences out of 15000+200000
 9023 words of font info for 33 fonts, out of 3000000 for 9000
 841 hyphenation exceptions out of 8191
 36i,8n,38p,1713b,383s stack positions out of 5000i,500n,10000p,200000b,50000s
<C:/Program Files (x86)/MiKTeX 2.9/fonts/type1/public/amsfonts/cm/cmbx10.pfb>
<C:/Program Files (x86)/MiKTeX 2.9/fonts/type1/public/amsfonts/cm/cmbx12.pfb><C
:/Program Files (x86)/MiKTeX 2.9/fonts/type1/public/amsfonts/cm/cmex10.pfb><C:/
Program Files (x86)/MiKTeX 2.9/fonts/type1/public/amsfonts/cm/cmmi10.pfb><C:/Pr
ogram Files (x86)/MiKTeX 2.9/fonts/type1/public/amsfonts/cm/cmmi7.pfb><C:/Progr
am Files (x86)/MiKTeX 2.9/fonts/type1/public/amsfonts/cm/cmr10.pfb><C:/Program 
Files (x86)/MiKTeX 2.9/fonts/type1/public/amsfonts/cm/cmr12.pfb><C:/Program Fil
es (x86)/MiKTeX 2.9/fonts/type1/public/amsfonts/cm/cmr17.pfb><C:/Program Files 
(x86)/MiKTeX 2.9/fonts/type1/public/amsfonts/cm/cmr7.pfb><C:/Program Files (x86
)/MiKTeX 2.9/fonts/type1/public/amsfonts/cm/cmsy10.pfb><C:/Program Files (x86)/
MiKTeX 2.9/fonts/type1/public/amsfonts/cm/cmsy7.pfb>
Output written on DelayedDiffWriteUp.pdf (11 pages, 462352 bytes).
PDF statistics:
 93 PDF objects out of 1000 (max. 8388607)
 0 named destinations out of 1000 (max. 500000)
 56 words of extra memory for PDF output out of 10000 (max. 10000000)

